Analysis & Synthesis report for mips_single_cycle
Tue Nov 13 10:57:44 2018
Quartus Prime Version 17.1.0 Build 590 10/25/2017 SJ Lite Edition


---------------------
; Table of Contents ;
---------------------
  1. Legal Notice
  2. Analysis & Synthesis Summary
  3. Analysis & Synthesis Settings
  4. Parallel Compilation
  5. Analysis & Synthesis Source Files Read
  6. Analysis & Synthesis Resource Usage Summary
  7. Analysis & Synthesis Resource Utilization by Entity
  8. Registers Removed During Synthesis
  9. General Register Statistics
 10. Multiplexer Restructuring Statistics (Restructuring Performed)
 11. Parameter Settings for User Entity Instance: InstructionMemory:instrution_memory
 12. Parameter Settings for User Entity Instance: DebounceUnit:debouncer
 13. Parameter Settings for User Entity Instance: DisplayUnit:displ
 14. Port Connectivity Checks: "InstrSplitter:inst_splitter"
 15. Port Connectivity Checks: "PCupdate:pcupdate"
 16. Post-Synthesis Netlist Statistics for Top Partition
 17. Elapsed Time Per Partition
 18. Analysis & Synthesis Messages



----------------
; Legal Notice ;
----------------
Copyright (C) 2017  Intel Corporation. All rights reserved.
Your use of Intel Corporation's design tools, logic functions 
and other software and tools, and its AMPP partner logic 
functions, and any output files from any of the foregoing 
(including device programming or simulation files), and any 
associated documentation or information are expressly subject 
to the terms and conditions of the Intel Program License 
Subscription Agreement, the Intel Quartus Prime License Agreement,
the Intel FPGA IP License Agreement, or other applicable license
agreement, including, without limitation, that your use is for
the sole purpose of programming logic devices manufactured by
Intel and sold by Intel or its authorized distributors.  Please
refer to the applicable agreement for further details.



+----------------------------------------------------------------------------------+
; Analysis & Synthesis Summary                                                     ;
+------------------------------------+---------------------------------------------+
; Analysis & Synthesis Status        ; Successful - Tue Nov 13 10:57:44 2018       ;
; Quartus Prime Version              ; 17.1.0 Build 590 10/25/2017 SJ Lite Edition ;
; Revision Name                      ; mips_single_cycle                           ;
; Top-level Entity Name              ; mips_single_cycle                           ;
; Family                             ; Cyclone IV E                                ;
; Total logic elements               ; 412                                         ;
;     Total combinational functions  ; 412                                         ;
;     Dedicated logic registers      ; 143                                         ;
; Total registers                    ; 143                                         ;
; Total pins                         ; 64                                          ;
; Total virtual pins                 ; 0                                           ;
; Total memory bits                  ; 0                                           ;
; Embedded Multiplier 9-bit elements ; 0                                           ;
; Total PLLs                         ; 0                                           ;
+------------------------------------+---------------------------------------------+


+----------------------------------------------------------------------------------------------------------------------+
; Analysis & Synthesis Settings                                                                                        ;
+----------------------------------------------------------------------------+--------------------+--------------------+
; Option                                                                     ; Setting            ; Default Value      ;
+----------------------------------------------------------------------------+--------------------+--------------------+
; Device                                                                     ; EP4CE115F29C7      ;                    ;
; Top-level entity name                                                      ; mips_single_cycle  ; mips_single_cycle  ;
; Family name                                                                ; Cyclone IV E       ; Cyclone V          ;
; VHDL Show LMF Mapping Messages                                             ; Off                ;                    ;
; VHDL Version                                                               ; VHDL_2008          ; VHDL_1993          ;
; Use smart compilation                                                      ; Off                ; Off                ;
; Enable parallel Assembler and TimeQuest Timing Analyzer during compilation ; On                 ; On                 ;
; Enable compact report table                                                ; Off                ; Off                ;
; Restructure Multiplexers                                                   ; Auto               ; Auto               ;
; Create Debugging Nodes for IP Cores                                        ; Off                ; Off                ;
; Preserve fewer node names                                                  ; On                 ; On                 ;
; Intel FPGA IP Evaluation Mode                                              ; Enable             ; Enable             ;
; Verilog Version                                                            ; Verilog_2001       ; Verilog_2001       ;
; State Machine Processing                                                   ; Auto               ; Auto               ;
; Safe State Machine                                                         ; Off                ; Off                ;
; Extract Verilog State Machines                                             ; On                 ; On                 ;
; Extract VHDL State Machines                                                ; On                 ; On                 ;
; Ignore Verilog initial constructs                                          ; Off                ; Off                ;
; Iteration limit for constant Verilog loops                                 ; 5000               ; 5000               ;
; Iteration limit for non-constant Verilog loops                             ; 250                ; 250                ;
; Add Pass-Through Logic to Inferred RAMs                                    ; On                 ; On                 ;
; Infer RAMs from Raw Logic                                                  ; On                 ; On                 ;
; Parallel Synthesis                                                         ; On                 ; On                 ;
; DSP Block Balancing                                                        ; Auto               ; Auto               ;
; NOT Gate Push-Back                                                         ; On                 ; On                 ;
; Power-Up Don't Care                                                        ; On                 ; On                 ;
; Remove Redundant Logic Cells                                               ; Off                ; Off                ;
; Remove Duplicate Registers                                                 ; On                 ; On                 ;
; Ignore CARRY Buffers                                                       ; Off                ; Off                ;
; Ignore CASCADE Buffers                                                     ; Off                ; Off                ;
; Ignore GLOBAL Buffers                                                      ; Off                ; Off                ;
; Ignore ROW GLOBAL Buffers                                                  ; Off                ; Off                ;
; Ignore LCELL Buffers                                                       ; Off                ; Off                ;
; Ignore SOFT Buffers                                                        ; On                 ; On                 ;
; Limit AHDL Integers to 32 Bits                                             ; Off                ; Off                ;
; Optimization Technique                                                     ; Balanced           ; Balanced           ;
; Carry Chain Length                                                         ; 70                 ; 70                 ;
; Auto Carry Chains                                                          ; On                 ; On                 ;
; Auto Open-Drain Pins                                                       ; On                 ; On                 ;
; Perform WYSIWYG Primitive Resynthesis                                      ; Off                ; Off                ;
; Auto ROM Replacement                                                       ; On                 ; On                 ;
; Auto RAM Replacement                                                       ; On                 ; On                 ;
; Auto DSP Block Replacement                                                 ; On                 ; On                 ;
; Auto Shift Register Replacement                                            ; Auto               ; Auto               ;
; Allow Shift Register Merging across Hierarchies                            ; Auto               ; Auto               ;
; Auto Clock Enable Replacement                                              ; On                 ; On                 ;
; Strict RAM Replacement                                                     ; Off                ; Off                ;
; Allow Synchronous Control Signals                                          ; On                 ; On                 ;
; Force Use of Synchronous Clear Signals                                     ; Off                ; Off                ;
; Auto RAM Block Balancing                                                   ; On                 ; On                 ;
; Auto RAM to Logic Cell Conversion                                          ; Off                ; Off                ;
; Auto Resource Sharing                                                      ; Off                ; Off                ;
; Allow Any RAM Size For Recognition                                         ; Off                ; Off                ;
; Allow Any ROM Size For Recognition                                         ; Off                ; Off                ;
; Allow Any Shift Register Size For Recognition                              ; Off                ; Off                ;
; Use LogicLock Constraints during Resource Balancing                        ; On                 ; On                 ;
; Ignore translate_off and synthesis_off directives                          ; Off                ; Off                ;
; Timing-Driven Synthesis                                                    ; On                 ; On                 ;
; Report Parameter Settings                                                  ; On                 ; On                 ;
; Report Source Assignments                                                  ; On                 ; On                 ;
; Report Connectivity Checks                                                 ; On                 ; On                 ;
; Ignore Maximum Fan-Out Assignments                                         ; Off                ; Off                ;
; Synchronization Register Chain Length                                      ; 2                  ; 2                  ;
; Power Optimization During Synthesis                                        ; Normal compilation ; Normal compilation ;
; HDL message level                                                          ; Level2             ; Level2             ;
; Suppress Register Optimization Related Messages                            ; Off                ; Off                ;
; Number of Removed Registers Reported in Synthesis Report                   ; 5000               ; 5000               ;
; Number of Swept Nodes Reported in Synthesis Report                         ; 5000               ; 5000               ;
; Number of Inverted Registers Reported in Synthesis Report                  ; 100                ; 100                ;
; Clock MUX Protection                                                       ; On                 ; On                 ;
; Auto Gated Clock Conversion                                                ; Off                ; Off                ;
; Block Design Naming                                                        ; Auto               ; Auto               ;
; SDC constraint protection                                                  ; Off                ; Off                ;
; Synthesis Effort                                                           ; Auto               ; Auto               ;
; Shift Register Replacement - Allow Asynchronous Clear Signal               ; On                 ; On                 ;
; Pre-Mapping Resynthesis Optimization                                       ; Off                ; Off                ;
; Analysis & Synthesis Message Level                                         ; Medium             ; Medium             ;
; Disable Register Merging Across Hierarchies                                ; Auto               ; Auto               ;
; Resource Aware Inference For Block RAM                                     ; On                 ; On                 ;
+----------------------------------------------------------------------------+--------------------+--------------------+


+------------------------------------------+
; Parallel Compilation                     ;
+----------------------------+-------------+
; Processors                 ; Number      ;
+----------------------------+-------------+
; Number detected on machine ; 4           ;
; Maximum allowed            ; 2           ;
;                            ;             ;
; Average used               ; 1.00        ;
; Maximum used               ; 2           ;
;                            ;             ;
; Usage by Processor         ; % Time Used ;
;     Processor 1            ; 100.0%      ;
;     Processor 2            ;   0.0%      ;
+----------------------------+-------------+


+-------------------------------------------------------------------------------------------------------------------------------------------------------------------------+
; Analysis & Synthesis Source Files Read                                                                                                                                  ;
+----------------------------------+-----------------+-----------------+----------------------------------------------------------------------------------------+---------+
; File Name with User-Entered Path ; Used in Netlist ; File Type       ; File Name with Absolute Path                                                           ; Library ;
+----------------------------------+-----------------+-----------------+----------------------------------------------------------------------------------------+---------+
; PCupdate.vhd                     ; yes             ; User VHDL File  ; C:/Users/ANA LUISA/Desktop/universidade/2ano_1semestre/AC1/aula8/PCupdate.vhd          ;         ;
; InstructionMemory.vhd            ; yes             ; User VHDL File  ; C:/Users/ANA LUISA/Desktop/universidade/2ano_1semestre/AC1/aula8/InstructionMemory.vhd ;         ;
; MIPS_pkg.vhd                     ; yes             ; User VHDL File  ; C:/Users/ANA LUISA/Desktop/universidade/2ano_1semestre/AC1/aula8/MIPS_pkg.vhd          ;         ;
; DisplayUnit_pkg.vhd              ; yes             ; User VHDL File  ; C:/Users/ANA LUISA/Desktop/universidade/2ano_1semestre/AC1/aula8/DisplayUnit_pkg.vhd   ;         ;
; SignExtend.vhd                   ; yes             ; User VHDL File  ; C:/Users/ANA LUISA/Desktop/universidade/2ano_1semestre/AC1/aula8/SignExtend.vhd        ;         ;
; InstrSplitter.vhd                ; yes             ; User VHDL File  ; C:/Users/ANA LUISA/Desktop/universidade/2ano_1semestre/AC1/aula8/InstrSplitter.vhd     ;         ;
; DisplayUnit.vhd                  ; yes             ; User VHDL File  ; C:/Users/ANA LUISA/Desktop/universidade/2ano_1semestre/AC1/aula8/DisplayUnit.vhd       ;         ;
; DebounceUnit.vhd                 ; yes             ; User VHDL File  ; C:/Users/ANA LUISA/Desktop/universidade/2ano_1semestre/AC1/aula8/DebounceUnit.vhd      ;         ;
; mips_single_cycle.vhd            ; yes             ; User VHDL File  ; C:/Users/ANA LUISA/Desktop/universidade/2ano_1semestre/AC1/aula8/mips_single_cycle.vhd ;         ;
+----------------------------------+-----------------+-----------------+----------------------------------------------------------------------------------------+---------+


+--------------------------------------------------------------+
; Analysis & Synthesis Resource Usage Summary                  ;
+---------------------------------------------+----------------+
; Resource                                    ; Usage          ;
+---------------------------------------------+----------------+
; Estimated Total logic elements              ; 412            ;
;                                             ;                ;
; Total combinational functions               ; 412            ;
; Logic element usage by number of LUT inputs ;                ;
;     -- 4 input functions                    ; 224            ;
;     -- 3 input functions                    ; 46             ;
;     -- <=2 input functions                  ; 142            ;
;                                             ;                ;
; Logic elements by mode                      ;                ;
;     -- normal mode                          ; 296            ;
;     -- arithmetic mode                      ; 116            ;
;                                             ;                ;
; Total registers                             ; 143            ;
;     -- Dedicated logic registers            ; 143            ;
;     -- I/O registers                        ; 0              ;
;                                             ;                ;
; I/O pins                                    ; 64             ;
;                                             ;                ;
; Embedded Multiplier 9-bit elements          ; 0              ;
;                                             ;                ;
; Maximum fan-out node                        ; CLOCK_50~input ;
; Maximum fan-out                             ; 113            ;
; Total fan-out                               ; 1871           ;
; Average fan-out                             ; 2.74           ;
+---------------------------------------------+----------------+


+-----------------------------------------------------------------------------------------------------------------------------------------------------------------------------------------------------------------------------------------------------------------+
; Analysis & Synthesis Resource Utilization by Entity                                                                                                                                                                                                             ;
+------------------------------------------+---------------------+---------------------------+-------------+--------------+---------+-----------+------+--------------+--------------------------------------------------------+-------------------+--------------+
; Compilation Hierarchy Node               ; Combinational ALUTs ; Dedicated Logic Registers ; Memory Bits ; DSP Elements ; DSP 9x9 ; DSP 18x18 ; Pins ; Virtual Pins ; Full Hierarchy Name                                    ; Entity Name       ; Library Name ;
+------------------------------------------+---------------------+---------------------------+-------------+--------------+---------+-----------+------+--------------+--------------------------------------------------------+-------------------+--------------+
; |mips_single_cycle                       ; 412 (1)             ; 143 (0)                   ; 0           ; 0            ; 0       ; 0         ; 64   ; 0            ; |mips_single_cycle                                     ; mips_single_cycle ; work         ;
;    |DebounceUnit:debouncer|              ; 38 (38)             ; 25 (25)                   ; 0           ; 0            ; 0       ; 0         ; 0    ; 0            ; |mips_single_cycle|DebounceUnit:debouncer              ; DebounceUnit      ; work         ;
;    |DisplayUnit:displ|                   ; 302 (302)           ; 88 (88)                   ; 0           ; 0            ; 0       ; 0         ; 0    ; 0            ; |mips_single_cycle|DisplayUnit:displ                   ; DisplayUnit       ; work         ;
;    |InstructionMemory:instrution_memory| ; 41 (41)             ; 0 (0)                     ; 0           ; 0            ; 0       ; 0         ; 0    ; 0            ; |mips_single_cycle|InstructionMemory:instrution_memory ; InstructionMemory ; work         ;
;    |PCupdate:pcupdate|                   ; 30 (30)             ; 30 (30)                   ; 0           ; 0            ; 0       ; 0         ; 0    ; 0            ; |mips_single_cycle|PCupdate:pcupdate                   ; PCupdate          ; work         ;
+------------------------------------------+---------------------+---------------------------+-------------+--------------+---------+-----------+------+--------------+--------------------------------------------------------+-------------------+--------------+
Note: For table entries with two numbers listed, the numbers in parentheses indicate the number of resources of the given type used by the specific entity alone. The numbers listed outside of parentheses indicate the total resources of the given type used by the specific entity and all of its sub-entities in the hierarchy.


+--------------------------------------------------------------------------------+
; Registers Removed During Synthesis                                             ;
+---------------------------------------+----------------------------------------+
; Register name                         ; Reason for Removal                     ;
+---------------------------------------+----------------------------------------+
; PCupdate:pcupdate|s_pc[0,1]           ; Stuck at GND due to stuck port data_in ;
; Total Number of Removed Registers = 2 ;                                        ;
+---------------------------------------+----------------------------------------+


+------------------------------------------------------+
; General Register Statistics                          ;
+----------------------------------------------+-------+
; Statistic                                    ; Value ;
+----------------------------------------------+-------+
; Total registers                              ; 143   ;
; Number of registers using Synchronous Clear  ; 116   ;
; Number of registers using Synchronous Load   ; 0     ;
; Number of registers using Asynchronous Clear ; 0     ;
; Number of registers using Asynchronous Load  ; 0     ;
; Number of registers using Clock Enable       ; 60    ;
; Number of registers using Preset             ; 0     ;
+----------------------------------------------+-------+


+----------------------------------------------------------------------------------------------------------------------------------------------------------------------------+
; Multiplexer Restructuring Statistics (Restructuring Performed)                                                                                                             ;
+--------------------+-----------+---------------+----------------------+------------------------+------------+--------------------------------------------------------------+
; Multiplexer Inputs ; Bus Width ; Baseline Area ; Area if Restructured ; Saving if Restructured ; Registered ; Example Multiplexer Output                                   ;
+--------------------+-----------+---------------+----------------------+------------------------+------------+--------------------------------------------------------------+
; 3:1                ; 2 bits    ; 4 LEs         ; 2 LEs                ; 2 LEs                  ; Yes        ; |mips_single_cycle|DisplayUnit:displ|s_inc                   ;
; 3:1                ; 31 bits   ; 62 LEs        ; 31 LEs               ; 31 LEs                 ; Yes        ; |mips_single_cycle|DisplayUnit:displ|s_repeatCount[2]        ;
; 3:1                ; 31 bits   ; 62 LEs        ; 31 LEs               ; 31 LEs                 ; Yes        ; |mips_single_cycle|DisplayUnit:displ|s_count[22]             ;
; 3:1                ; 23 bits   ; 46 LEs        ; 23 LEs               ; 23 LEs                 ; Yes        ; |mips_single_cycle|DebounceUnit:debouncer|s_debounceCnt[1]   ;
; 3:1                ; 3 bits    ; 6 LEs         ; 6 LEs                ; 0 LEs                  ; No         ; |mips_single_cycle|DisplayUnit:displ|Mux42                   ;
; 3:1                ; 6 bits    ; 12 LEs        ; 12 LEs               ; 0 LEs                  ; No         ; |mips_single_cycle|DisplayUnit:displ|Mux4                    ;
; 4:1                ; 32 bits   ; 64 LEs        ; 64 LEs               ; 0 LEs                  ; No         ; |mips_single_cycle|DisplayUnit:displ|Mux18                   ;
; 3:1                ; 5 bits    ; 10 LEs        ; 10 LEs               ; 0 LEs                  ; No         ; |mips_single_cycle|InstructionMemory:instrution_memory|Mux33 ;
; 3:1                ; 2 bits    ; 4 LEs         ; 4 LEs                ; 0 LEs                  ; No         ; |mips_single_cycle|InstructionMemory:instrution_memory|Mux48 ;
; 3:1                ; 14 bits   ; 28 LEs        ; 28 LEs               ; 0 LEs                  ; No         ; |mips_single_cycle|DisplayUnit:displ|disp5[6]                ;
; 4:1                ; 2 bits    ; 4 LEs         ; 4 LEs                ; 0 LEs                  ; No         ; |mips_single_cycle|InstructionMemory:instrution_memory|Mux41 ;
; 8:1                ; 7 bits    ; 35 LEs        ; 28 LEs               ; 7 LEs                  ; No         ; |mips_single_cycle|DisplayUnit:displ|disp6[5]                ;
+--------------------+-----------+---------------+----------------------+------------------------+------------+--------------------------------------------------------------+


+----------------------------------------------------------------------------------+
; Parameter Settings for User Entity Instance: InstructionMemory:instrution_memory ;
+----------------+-------+---------------------------------------------------------+
; Parameter Name ; Value ; Type                                                    ;
+----------------+-------+---------------------------------------------------------+
; addr_bus_size  ; 6     ; Signed Integer                                          ;
+----------------+-------+---------------------------------------------------------+
Note: In order to hide this table in the UI and the text report file, please set the "Show Parameter Settings in Synthesis Report" option in "Analysis and Synthesis Settings -> More Settings" to "Off".


+---------------------------------------------------------------------+
; Parameter Settings for User Entity Instance: DebounceUnit:debouncer ;
+----------------+-------+--------------------------------------------+
; Parameter Name ; Value ; Type                                       ;
+----------------+-------+--------------------------------------------+
; khzclkfreq     ; 50000 ; Signed Integer                             ;
; msecmininwidth ; 100   ; Signed Integer                             ;
; inpolarity     ; '0'   ; Enumerated                                 ;
; outpolarity    ; '1'   ; Enumerated                                 ;
+----------------+-------+--------------------------------------------+
Note: In order to hide this table in the UI and the text report file, please set the "Show Parameter Settings in Synthesis Report" option in "Analysis and Synthesis Settings -> More Settings" to "Off".


+----------------------------------------------------------------+
; Parameter Settings for User Entity Instance: DisplayUnit:displ ;
+---------------------+-------+----------------------------------+
; Parameter Name      ; Value ; Type                             ;
+---------------------+-------+----------------------------------+
; khzclkfreq          ; 50000 ; Signed Integer                   ;
; msecmininwidth      ; 100   ; Signed Integer                   ;
; msecmininrepeat     ; 400   ; Signed Integer                   ;
; msecmininrepeatfast ; 100   ; Signed Integer                   ;
; im_addr_size        ; 6     ; Signed Integer                   ;
; dm_addr_size        ; 6     ; Signed Integer                   ;
; datapathtype        ; '0'   ; Enumerated                       ;
+---------------------+-------+----------------------------------+
Note: In order to hide this table in the UI and the text report file, please set the "Show Parameter Settings in Synthesis Report" option in "Analysis and Synthesis Settings -> More Settings" to "Off".


+------------------------------------------------------------------------------------------------------------------+
; Port Connectivity Checks: "InstrSplitter:inst_splitter"                                                          ;
+--------+--------+----------+-------------------------------------------------------------------------------------+
; Port   ; Type   ; Severity ; Details                                                                             ;
+--------+--------+----------+-------------------------------------------------------------------------------------+
; opcode ; Output ; Info     ; Connected to dangling logic. Logic that only feeds a dangling port will be removed. ;
; rs     ; Output ; Info     ; Connected to dangling logic. Logic that only feeds a dangling port will be removed. ;
; rt     ; Output ; Info     ; Connected to dangling logic. Logic that only feeds a dangling port will be removed. ;
; rd     ; Output ; Info     ; Connected to dangling logic. Logic that only feeds a dangling port will be removed. ;
; shamt  ; Output ; Info     ; Connected to dangling logic. Logic that only feeds a dangling port will be removed. ;
; funct  ; Output ; Info     ; Connected to dangling logic. Logic that only feeds a dangling port will be removed. ;
+--------+--------+----------+-------------------------------------------------------------------------------------+


+---------------------------------------------------------------------------------------------------------------------+
; Port Connectivity Checks: "PCupdate:pcupdate"                                                                       ;
+-----------+--------+----------+-------------------------------------------------------------------------------------+
; Port      ; Type   ; Severity ; Details                                                                             ;
+-----------+--------+----------+-------------------------------------------------------------------------------------+
; zero      ; Input  ; Info     ; Stuck at GND                                                                        ;
; branch    ; Input  ; Info     ; Stuck at GND                                                                        ;
; jump      ; Input  ; Info     ; Stuck at GND                                                                        ;
; pc[31..8] ; Output ; Info     ; Connected to dangling logic. Logic that only feeds a dangling port will be removed. ;
; pc[1..0]  ; Output ; Info     ; Connected to dangling logic. Logic that only feeds a dangling port will be removed. ;
+-----------+--------+----------+-------------------------------------------------------------------------------------+


+-----------------------------------------------------+
; Post-Synthesis Netlist Statistics for Top Partition ;
+-----------------------+-----------------------------+
; Type                  ; Count                       ;
+-----------------------+-----------------------------+
; boundary_port         ; 209                         ;
; cycloneiii_ff         ; 143                         ;
;     ENA               ; 6                           ;
;     ENA SCLR          ; 54                          ;
;     SCLR              ; 62                          ;
;     plain             ; 21                          ;
; cycloneiii_lcell_comb ; 416                         ;
;     arith             ; 116                         ;
;         2 data inputs ; 112                         ;
;         3 data inputs ; 4                           ;
;     normal            ; 300                         ;
;         0 data inputs ; 1                           ;
;         1 data inputs ; 14                          ;
;         2 data inputs ; 19                          ;
;         3 data inputs ; 42                          ;
;         4 data inputs ; 224                         ;
;                       ;                             ;
; Max LUT depth         ; 7.00                        ;
; Average LUT depth     ; 4.21                        ;
+-----------------------+-----------------------------+


+-------------------------------+
; Elapsed Time Per Partition    ;
+----------------+--------------+
; Partition Name ; Elapsed Time ;
+----------------+--------------+
; Top            ; 00:00:01     ;
+----------------+--------------+


+-------------------------------+
; Analysis & Synthesis Messages ;
+-------------------------------+
Info: *******************************************************************
Info: Running Quartus Prime Analysis & Synthesis
    Info: Version 17.1.0 Build 590 10/25/2017 SJ Lite Edition
    Info: Processing started: Tue Nov 13 10:57:30 2018
Info: Command: quartus_map --read_settings_files=on --write_settings_files=off mips_single_cycle -c mips_single_cycle
Warning (18236): Number of processors has not been specified which may cause overloading on shared machines.  Set the global assignment NUM_PARALLEL_PROCESSORS in your QSF to an appropriate value for best performance.
Info (20030): Parallel compilation is enabled and will use 2 of the 2 processors detected
Info (12021): Found 2 design units, including 1 entities, in source file pcupdate.vhd
    Info (12022): Found design unit 1: PCupdate-Behavioral File: C:/Users/ANA LUISA/Desktop/universidade/2ano_1semestre/AC1/aula8/PCupdate.vhd Line: 18
    Info (12023): Found entity 1: PCupdate File: C:/Users/ANA LUISA/Desktop/universidade/2ano_1semestre/AC1/aula8/PCupdate.vhd Line: 7
Info (12021): Found 2 design units, including 1 entities, in source file instructionmemory.vhd
    Info (12022): Found design unit 1: InstructionMemory-Behavioral File: C:/Users/ANA LUISA/Desktop/universidade/2ano_1semestre/AC1/aula8/InstructionMemory.vhd Line: 14
    Info (12023): Found entity 1: InstructionMemory File: C:/Users/ANA LUISA/Desktop/universidade/2ano_1semestre/AC1/aula8/InstructionMemory.vhd Line: 8
Info (12021): Found 2 design units, including 0 entities, in source file mips_pkg.vhd
    Info (12022): Found design unit 1: MIPS_pkg File: C:/Users/ANA LUISA/Desktop/universidade/2ano_1semestre/AC1/aula8/MIPS_pkg.vhd Line: 4
    Info (12022): Found design unit 2: MIPS_pkg-body File: C:/Users/ANA LUISA/Desktop/universidade/2ano_1semestre/AC1/aula8/MIPS_pkg.vhd Line: 11
Info (12021): Found 2 design units, including 0 entities, in source file displayunit_pkg.vhd
    Info (12022): Found design unit 1: DisplayUnit_pkg File: C:/Users/ANA LUISA/Desktop/universidade/2ano_1semestre/AC1/aula8/DisplayUnit_pkg.vhd Line: 7
    Info (12022): Found design unit 2: DisplayUnit_pkg-body File: C:/Users/ANA LUISA/Desktop/universidade/2ano_1semestre/AC1/aula8/DisplayUnit_pkg.vhd Line: 25
Info (12021): Found 2 design units, including 1 entities, in source file signextend.vhd
    Info (12022): Found design unit 1: SignExtend-Behavioral File: C:/Users/ANA LUISA/Desktop/universidade/2ano_1semestre/AC1/aula8/SignExtend.vhd Line: 9
    Info (12023): Found entity 1: SignExtend File: C:/Users/ANA LUISA/Desktop/universidade/2ano_1semestre/AC1/aula8/SignExtend.vhd Line: 4
Info (12021): Found 2 design units, including 1 entities, in source file instrsplitter.vhd
    Info (12022): Found design unit 1: InstrSplitter-Behavioral File: C:/Users/ANA LUISA/Desktop/universidade/2ano_1semestre/AC1/aula8/InstrSplitter.vhd Line: 16
    Info (12023): Found entity 1: InstrSplitter File: C:/Users/ANA LUISA/Desktop/universidade/2ano_1semestre/AC1/aula8/InstrSplitter.vhd Line: 4
Info (12021): Found 2 design units, including 1 entities, in source file divfreq.vhd
    Info (12022): Found design unit 1: divFreq-Behavioral File: C:/Users/ANA LUISA/Desktop/universidade/2ano_1semestre/AC1/aula8/divFreq.vhd Line: 11
    Info (12023): Found entity 1: divFreq File: C:/Users/ANA LUISA/Desktop/universidade/2ano_1semestre/AC1/aula8/divFreq.vhd Line: 5
Info (12021): Found 2 design units, including 1 entities, in source file displayunit.vhd
    Info (12022): Found design unit 1: DisplayUnit-Behavioral File: C:/Users/ANA LUISA/Desktop/universidade/2ano_1semestre/AC1/aula8/DisplayUnit.vhd Line: 31
    Info (12023): Found entity 1: DisplayUnit File: C:/Users/ANA LUISA/Desktop/universidade/2ano_1semestre/AC1/aula8/DisplayUnit.vhd Line: 8
Info (12021): Found 2 design units, including 1 entities, in source file debounceunit.vhd
    Info (12022): Found design unit 1: DebounceUnit-Behavioral File: C:/Users/ANA LUISA/Desktop/universidade/2ano_1semestre/AC1/aula8/DebounceUnit.vhd Line: 15
    Info (12023): Found entity 1: DebounceUnit File: C:/Users/ANA LUISA/Desktop/universidade/2ano_1semestre/AC1/aula8/DebounceUnit.vhd Line: 5
Info (12021): Found 2 design units, including 1 entities, in source file mips_single_cycle.vhd
    Info (12022): Found design unit 1: mips_single_cycle-Structural File: C:/Users/ANA LUISA/Desktop/universidade/2ano_1semestre/AC1/aula8/mips_single_cycle.vhd Line: 23
    Info (12023): Found entity 1: mips_single_cycle File: C:/Users/ANA LUISA/Desktop/universidade/2ano_1semestre/AC1/aula8/mips_single_cycle.vhd Line: 8
Info (12127): Elaborating entity "mips_single_cycle" for the top level hierarchy
Info (12129): Elaborating entity "InstructionMemory" using architecture "A:behavioral" for hierarchy "InstructionMemory:instrution_memory" File: C:/Users/ANA LUISA/Desktop/universidade/2ano_1semestre/AC1/aula8/mips_single_cycle.vhd Line: 30
Info (12129): Elaborating entity "DebounceUnit" using architecture "A:behavioral" for hierarchy "DebounceUnit:debouncer" File: C:/Users/ANA LUISA/Desktop/universidade/2ano_1semestre/AC1/aula8/mips_single_cycle.vhd Line: 35
Info (12129): Elaborating entity "PCupdate" using architecture "A:behavioral" for hierarchy "PCupdate:pcupdate" File: C:/Users/ANA LUISA/Desktop/universidade/2ano_1semestre/AC1/aula8/mips_single_cycle.vhd Line: 43
Info (12129): Elaborating entity "SignExtend" using architecture "A:behavioral" for hierarchy "SignExtend:sign_extend" File: C:/Users/ANA LUISA/Desktop/universidade/2ano_1semestre/AC1/aula8/mips_single_cycle.vhd Line: 53
Info (12129): Elaborating entity "InstrSplitter" using architecture "A:behavioral" for hierarchy "InstrSplitter:inst_splitter" File: C:/Users/ANA LUISA/Desktop/universidade/2ano_1semestre/AC1/aula8/mips_single_cycle.vhd Line: 57
Info (12129): Elaborating entity "DisplayUnit" using architecture "A:behavioral" for hierarchy "DisplayUnit:displ" File: C:/Users/ANA LUISA/Desktop/universidade/2ano_1semestre/AC1/aula8/mips_single_cycle.vhd Line: 67
Warning (13024): Output pins are stuck at VCC or GND
    Warning (13410): Pin "global.bp.work.DisplayUnit_pkg.DU_IMdata_30__gl_output" is stuck at GND
    Warning (13410): Pin "global.bp.work.DisplayUnit_pkg.DU_IMdata_28__gl_output" is stuck at GND
    Warning (13410): Pin "global.bp.work.DisplayUnit_pkg.DU_IMdata_25__gl_output" is stuck at GND
    Warning (13410): Pin "global.bp.work.DisplayUnit_pkg.DU_IMdata_20__gl_output" is stuck at GND
    Warning (13410): Pin "global.bp.work.DisplayUnit_pkg.DU_PC_1__gl_output" is stuck at GND
    Warning (13410): Pin "global.bp.work.DisplayUnit_pkg.DU_PC_0__gl_output" is stuck at GND
Info (286030): Timing-Driven Synthesis is running
Critical Warning (35046): Net "work.DisplayUnit_pkg.DU_DMdata_0_" has a missing source. The net will be connected to GND and its default value will be ignored.
Critical Warning (35046): Net "work.DisplayUnit_pkg.DU_DMdata_10_" has a missing source. The net will be connected to GND and its default value will be ignored.
Critical Warning (35046): Net "work.DisplayUnit_pkg.DU_DMdata_11_" has a missing source. The net will be connected to GND and its default value will be ignored.
Critical Warning (35046): Net "work.DisplayUnit_pkg.DU_DMdata_12_" has a missing source. The net will be connected to GND and its default value will be ignored.
Critical Warning (35046): Net "work.DisplayUnit_pkg.DU_DMdata_13_" has a missing source. The net will be connected to GND and its default value will be ignored.
Critical Warning (35046): Net "work.DisplayUnit_pkg.DU_DMdata_14_" has a missing source. The net will be connected to GND and its default value will be ignored.
Critical Warning (35046): Net "work.DisplayUnit_pkg.DU_DMdata_15_" has a missing source. The net will be connected to GND and its default value will be ignored.
Critical Warning (35046): Net "work.DisplayUnit_pkg.DU_DMdata_16_" has a missing source. The net will be connected to GND and its default value will be ignored.
Critical Warning (35046): Net "work.DisplayUnit_pkg.DU_DMdata_17_" has a missing source. The net will be connected to GND and its default value will be ignored.
Critical Warning (35046): Net "work.DisplayUnit_pkg.DU_DMdata_18_" has a missing source. The net will be connected to GND and its default value will be ignored.
Critical Warning (35046): Net "work.DisplayUnit_pkg.DU_DMdata_19_" has a missing source. The net will be connected to GND and its default value will be ignored.
Critical Warning (35046): Net "work.DisplayUnit_pkg.DU_DMdata_1_" has a missing source. The net will be connected to GND and its default value will be ignored.
Critical Warning (35046): Net "work.DisplayUnit_pkg.DU_DMdata_20_" has a missing source. The net will be connected to GND and its default value will be ignored.
Critical Warning (35046): Net "work.DisplayUnit_pkg.DU_DMdata_21_" has a missing source. The net will be connected to GND and its default value will be ignored.
Critical Warning (35046): Net "work.DisplayUnit_pkg.DU_DMdata_22_" has a missing source. The net will be connected to GND and its default value will be ignored.
Critical Warning (35046): Net "work.DisplayUnit_pkg.DU_DMdata_23_" has a missing source. The net will be connected to GND and its default value will be ignored.
Critical Warning (35046): Net "work.DisplayUnit_pkg.DU_DMdata_24_" has a missing source. The net will be connected to GND and its default value will be ignored.
Critical Warning (35046): Net "work.DisplayUnit_pkg.DU_DMdata_25_" has a missing source. The net will be connected to GND and its default value will be ignored.
Critical Warning (35046): Net "work.DisplayUnit_pkg.DU_DMdata_26_" has a missing source. The net will be connected to GND and its default value will be ignored.
Critical Warning (35046): Net "work.DisplayUnit_pkg.DU_DMdata_27_" has a missing source. The net will be connected to GND and its default value will be ignored.
Critical Warning (35046): Net "work.DisplayUnit_pkg.DU_DMdata_28_" has a missing source. The net will be connected to GND and its default value will be ignored.
Critical Warning (35046): Net "work.DisplayUnit_pkg.DU_DMdata_29_" has a missing source. The net will be connected to GND and its default value will be ignored.
Critical Warning (35046): Net "work.DisplayUnit_pkg.DU_DMdata_2_" has a missing source. The net will be connected to GND and its default value will be ignored.
Critical Warning (35046): Net "work.DisplayUnit_pkg.DU_DMdata_30_" has a missing source. The net will be connected to GND and its default value will be ignored.
Critical Warning (35046): Net "work.DisplayUnit_pkg.DU_DMdata_31_" has a missing source. The net will be connected to GND and its default value will be ignored.
Critical Warning (35046): Net "work.DisplayUnit_pkg.DU_DMdata_3_" has a missing source. The net will be connected to GND and its default value will be ignored.
Critical Warning (35046): Net "work.DisplayUnit_pkg.DU_DMdata_4_" has a missing source. The net will be connected to GND and its default value will be ignored.
Critical Warning (35046): Net "work.DisplayUnit_pkg.DU_DMdata_5_" has a missing source. The net will be connected to GND and its default value will be ignored.
Critical Warning (35046): Net "work.DisplayUnit_pkg.DU_DMdata_6_" has a missing source. The net will be connected to GND and its default value will be ignored.
Critical Warning (35046): Net "work.DisplayUnit_pkg.DU_DMdata_7_" has a missing source. The net will be connected to GND and its default value will be ignored.
Critical Warning (35046): Net "work.DisplayUnit_pkg.DU_DMdata_8_" has a missing source. The net will be connected to GND and its default value will be ignored.
Critical Warning (35046): Net "work.DisplayUnit_pkg.DU_DMdata_9_" has a missing source. The net will be connected to GND and its default value will be ignored.
Critical Warning (35046): Net "work.DisplayUnit_pkg.DU_RFdata_0_" has a missing source. The net will be connected to GND and its default value will be ignored.
Critical Warning (35046): Net "work.DisplayUnit_pkg.DU_RFdata_10_" has a missing source. The net will be connected to GND and its default value will be ignored.
Critical Warning (35046): Net "work.DisplayUnit_pkg.DU_RFdata_11_" has a missing source. The net will be connected to GND and its default value will be ignored.
Critical Warning (35046): Net "work.DisplayUnit_pkg.DU_RFdata_12_" has a missing source. The net will be connected to GND and its default value will be ignored.
Critical Warning (35046): Net "work.DisplayUnit_pkg.DU_RFdata_13_" has a missing source. The net will be connected to GND and its default value will be ignored.
Critical Warning (35046): Net "work.DisplayUnit_pkg.DU_RFdata_14_" has a missing source. The net will be connected to GND and its default value will be ignored.
Critical Warning (35046): Net "work.DisplayUnit_pkg.DU_RFdata_15_" has a missing source. The net will be connected to GND and its default value will be ignored.
Critical Warning (35046): Net "work.DisplayUnit_pkg.DU_RFdata_16_" has a missing source. The net will be connected to GND and its default value will be ignored.
Critical Warning (35046): Net "work.DisplayUnit_pkg.DU_RFdata_17_" has a missing source. The net will be connected to GND and its default value will be ignored.
Critical Warning (35046): Net "work.DisplayUnit_pkg.DU_RFdata_18_" has a missing source. The net will be connected to GND and its default value will be ignored.
Critical Warning (35046): Net "work.DisplayUnit_pkg.DU_RFdata_19_" has a missing source. The net will be connected to GND and its default value will be ignored.
Critical Warning (35046): Net "work.DisplayUnit_pkg.DU_RFdata_1_" has a missing source. The net will be connected to GND and its default value will be ignored.
Critical Warning (35046): Net "work.DisplayUnit_pkg.DU_RFdata_20_" has a missing source. The net will be connected to GND and its default value will be ignored.
Critical Warning (35046): Net "work.DisplayUnit_pkg.DU_RFdata_21_" has a missing source. The net will be connected to GND and its default value will be ignored.
Critical Warning (35046): Net "work.DisplayUnit_pkg.DU_RFdata_22_" has a missing source. The net will be connected to GND and its default value will be ignored.
Critical Warning (35046): Net "work.DisplayUnit_pkg.DU_RFdata_23_" has a missing source. The net will be connected to GND and its default value will be ignored.
Critical Warning (35046): Net "work.DisplayUnit_pkg.DU_RFdata_24_" has a missing source. The net will be connected to GND and its default value will be ignored.
Critical Warning (35046): Net "work.DisplayUnit_pkg.DU_RFdata_25_" has a missing source. The net will be connected to GND and its default value will be ignored.
Critical Warning (35046): Net "work.DisplayUnit_pkg.DU_RFdata_26_" has a missing source. The net will be connected to GND and its default value will be ignored.
Critical Warning (35046): Net "work.DisplayUnit_pkg.DU_RFdata_27_" has a missing source. The net will be connected to GND and its default value will be ignored.
Critical Warning (35046): Net "work.DisplayUnit_pkg.DU_RFdata_28_" has a missing source. The net will be connected to GND and its default value will be ignored.
Critical Warning (35046): Net "work.DisplayUnit_pkg.DU_RFdata_29_" has a missing source. The net will be connected to GND and its default value will be ignored.
Critical Warning (35046): Net "work.DisplayUnit_pkg.DU_RFdata_2_" has a missing source. The net will be connected to GND and its default value will be ignored.
Critical Warning (35046): Net "work.DisplayUnit_pkg.DU_RFdata_30_" has a missing source. The net will be connected to GND and its default value will be ignored.
Critical Warning (35046): Net "work.DisplayUnit_pkg.DU_RFdata_31_" has a missing source. The net will be connected to GND and its default value will be ignored.
Critical Warning (35046): Net "work.DisplayUnit_pkg.DU_RFdata_3_" has a missing source. The net will be connected to GND and its default value will be ignored.
Critical Warning (35046): Net "work.DisplayUnit_pkg.DU_RFdata_4_" has a missing source. The net will be connected to GND and its default value will be ignored.
Critical Warning (35046): Net "work.DisplayUnit_pkg.DU_RFdata_5_" has a missing source. The net will be connected to GND and its default value will be ignored.
Critical Warning (35046): Net "work.DisplayUnit_pkg.DU_RFdata_6_" has a missing source. The net will be connected to GND and its default value will be ignored.
Critical Warning (35046): Net "work.DisplayUnit_pkg.DU_RFdata_7_" has a missing source. The net will be connected to GND and its default value will be ignored.
Critical Warning (35046): Net "work.DisplayUnit_pkg.DU_RFdata_8_" has a missing source. The net will be connected to GND and its default value will be ignored.
Critical Warning (35046): Net "work.DisplayUnit_pkg.DU_RFdata_9_" has a missing source. The net will be connected to GND and its default value will be ignored.
Info (16010): Generating hard_block partition "hard_block:auto_generated_inst"
    Info (16011): Adding 0 node(s), including 0 DDIO, 0 PLL, 0 transceiver and 0 LCELL
Info (21057): Implemented 482 device resources after synthesis - the final resource count might be different
    Info (21058): Implemented 8 input pins
    Info (21059): Implemented 56 output pins
    Info (21061): Implemented 418 logic cells
Info: Quartus Prime Analysis & Synthesis was successful. 0 errors, 72 warnings
    Info: Peak virtual memory: 4798 megabytes
    Info: Processing ended: Tue Nov 13 10:57:44 2018
    Info: Elapsed time: 00:00:14
    Info: Total CPU time (on all processors): 00:00:29


